10 8890 5067 65 4695 1552 443 4393 9786 546 1465
9 8773 3827 4778 9178 1375 2221 2029 178 1265
7 7013 7015 2337 5460 7731 6227 416
7 2384 2951 74 7283 5865 8154 1183
8 8670 9803 131 4156 4374 9005 175 1274
8 4679 8571 1356 4189 8100 6917 5174 625
14 719 5969 9642 2594 1301 1380 6258 2606 234 2909 2563 213 1133 1428
6 6252 6583 3903 3588 9476 1041
6 1135 5886 122 9317 731 612
12 1178 2486 4275 3902 8540 936 7985 2172 1003 7509 172 1109
20 7109 8546 6548 2504 561 134 4517 1853 4240 3365 5215 7371 6311 7784 2516 818 6623 3631 4319 510
8 563 1140 8070 7705 8865 4922 8690 252
4 3654 4736 8147 688
17 6031 908 8793 3508 3496 1296 3852 2876 269 5345 3769 3412 3533 9004 8210 3369 293
3 7468 1114 1412
7 3696 1956 5147 7146 8453 754 1475
6 7227 6018 126 2038 1150 1165
3 2418 9359 1065
7 3578 943 1087 2203 4662 801 1568
5 9121 7482 59 7467 188
11 2015 8111 7519 4199 3485 2946 1044 2080 3620 4622 1482
9 6321 8330 32 5311 7300 2069 669 1020 467
22 9550 4450 636 8353 2640 2771 3165 7743 7192 5502 7195 5807 631 5823 1982 73 3941 2865 7833 5726 419 803
21 6403 2981 8244 6460 2945 8650 9221 4000 8478 42 2749 9491 3001 8206 1812 8174 3014 3223 1137 2530 1106
5 7716 9520 162 924 1631
8 2176 4325 51 2152 6241 1306 3562 217
27 8758 7196 6762 8990 97 3750 3124 7532 397 1042 3856 4903 7853 1321 5000 8180 5750 3254 810 7053 8124 3670 455 5179 7472 937 1451
5 8227 1190 491 857 1405
16 7913 4317 8809 999 2763 324 3957 5203 9878 7348 662 603 1038 806 997 1234
27 9913 1421 8803 35 6222 2693 2882 4942 3142 6560 1035 4638 8697 8234 7262 160 8336 4926 5731 1731 1456 7202 557 840 2658 1053 1648
8 3647 9530 68 9259 9770 181 663 988
7 3321 4483 132 2888 523 751 1357
22 1105 4629 81 7037 9441 3454 5314 8064 8077 3465 3198 9193 3823 2968 1606 6368 6936 3523 7427 9960 3259 1458
24 8878 211 5426 9516 4584 8830 2850 8109 4912 1166 1933 3213 80 2499 1333 7382 5011 1173 535 1788 6918 9753 733 1382
5 311 7362 5471 9796 505
8 6039 6960 6080 944 7980 7261 2848 981
9 4829 6090 3791 7589 8941 9131 521 743 1050
8 7948 218 154 8674 529 1101 1275 1665
20 9449 4065 1433 7194 9987 6059 9157 8906 7966 539 2873 4251 9661 5096 6988 8156 7204 6453 9766 339
4 5991 5578 655 1503
18 5649 5914 613 9798 9056 2687 9533 7071 9126 5346 8625 1641 5248 5048 5547 2273 572 1612
4 2736 7376 140 634
6 7325 766 112 6721 1948 1429
15 8184 7383 3389 9933 2427 3419 5509 2692 8866 3113 6978 8972 4432 8171 774
7 8578 3088 4177 1288 7166 975 1506
6 3202 4390 6060 391 282 1463
27 7862 9636 4020 4137 415 952 7746 105 576 6696 8705 5122 6543 1117 9053 3711 548 345 3464 1484 5549 4820 5575 3255 6271 1052 1014
12 8965 4868 7264 6990 9711 3836 3860 8098 3984 6273 1006 787
3 9459 3288 1441
8 3358 7522 103 4799 8569 1254 540 1214
9 1563 8402 5616 1147 6518 4987 6872 725 1231
5 3708 9914 1439 7133 272
31 549 1866 3918 7129 2523 7248 7085 9078 4602 3875 8298 2954 6197 4496 4163 2501 4950 9708 855 198 4386 785 3835 3273 9434 5741 828 5318 4286 7223 1334
27 1776 4586 190 8484 2788 9412 9595 6327 2605 2577 1527 6244 7882 7558 4068 3163 8026 361 6064 8632 6397 4015 5910 5563 6322 2664 885
6 8967 9910 136 5697 2169 680
31 2735 1335 4842 9207 4877 8586 6786 1970 9702 1910 9202 3477 8785 7769 3507 6462 5171 3061 6320 7970 5216 2739 5669 1476 7955 2287 1290 1958 2175 247 1308
4 1192 1545 147 878
3 9927 5891 875
5 5480 7458 145 1410 1539
9 7575 2265 43 1624 316 8808 3727 8185 569
6 4644 7760 1559 4509 891 1464
23 4948 6208 5593 2343 4072 5133 1980 8693 2025 8933 3501 8233 7056 5392 8837 9697 8384 3642 611 4490 7953 9380 1684
15 6912 174 3324 9099 427 9567 3637 7160 5987 3514 3115 2090 8712 802 1531
7 2573 6521 1760 1089 8371 5408 721
3 5983 3638 1070
6 3608 9693 72 762 2983 1154
30 768 7329 661 8573 435 2056 2937 8882 5837 8772 2639 6013 3394 9524 4840 9302 5385 1519 5577 3805 2155 8931 6701 9119 5431 2300 685 8582 8957 796
4 2718 89 158 422
7 6377 6143 82 1204 7405 8069 1313
7 2297 2099 8278 4451 1758 1115 550
8 7804 1546 83 8861 5354 4446 626 919
19 666 1695 2678 184 3956 9756 17 6289 1678 3455 6355 6151 7084 6569 7123 710 7834 703 1627
32 3580 3692 1883 7612 2714 5746 6053 7249 4686 5158 8188 5576 6081 2570 4677 3173 1787 1037 9021 3634 1611 3563 1694 8623 341 525 4269 6827 2170 5003 6063 1103
10 3147 9360 50 9389 5884 1570 410 8012 221 813
6 306 3028 6782 3812 6702 305
5 4887 0 2677 7986 1592
13 2591 5 5432 1638 7917 7251 9069 1579 3929 906 2914 283 1502
31 7957 4788 1113 7451 874 4863 8554 3537 2852 3122 3829 3429 4613 4689 9444 9101 2765 8294 6758 7866 7961 9034 6611 9603 5774 9540 1925 6955 298 5020 1201
6 8711 5979 1652 7214 9536 972
5 8088 1015 3749 3617 1243
35 3090 8640 2576 9979 2531 3276 2079 7585 8254 4202 5285 2997 6402 1553 5994 3099 3210 5247 1842 4144 3299 220 1615 6760 7390 8619 3837 9266 7112 4424 6522 3975 2130 3883 1303
16 5982 3 9468 6017 958 4766 7989 1157 6986 5659 4901 1962 2322 5108 968 1497
14 7110 2 1740 4368 5015 5355 764 7571 6065 5653 8611 8905 3737 1617
6 476 6441 1823 2586 4124 1181
30 1560 5222 3758 8274 6420 4003 7434 290 4410 1904 2173 9539 7633 2790 8760 1720 3300 8281 3752 5863 9423 1385 3301 8702 5754 579 2816 5877 4891 1314
11 1803 5975 7767 5895 4732 4982 9336 8122 2138 670 1629
20 7108 7113 4853 6056 5556 714 3231 4272 4082 3337 4152 5327 1026 8526 1093 2540 1898 9088 5173 1182
5 2660 5821 5939 909 1649
6 1399 7600 4127 2862 5848 518
34 1209 7928 5440 8509 6135 7846 4164 5017 4088 2333 4854 6698 7135 4433 938 490 2694 7130 4486 6130 8997 2358 5456 6626 9245 4095 3076 7530 7079 7591 7257 1699 4846 1237
4 3539 9569 227 1535
33 9313 8962 1066 8675 554 9920 1177 9286 7884 2654 2706 6657 3785 3547 2037 2565 3470 1235 9755 964 4211 6628 9125 8658 8050 1825 8053 4193 2475 7756 3478 7281 258
5 5091 8722 3120 308 1597
9 1880 4 2243 4771 1577 2770 1210 395 1600
8 4027 7813 7719 8265 8497 3643 1345 1571
8 1817 6644 2030 9196 4916 5269 512 1329
9 4796 18 5459 2671 7714 3064 901 704 1551
4 8071 8433 7937 183
35 5934 4618 5086 445 1794 1170 8262 8566 6804 5887 1252 5025 7638 348 5557 4944 9949 5941 7749 6726 979 4100 3330 5019 4183 5781 4510 532 1961 1966 3612 6524 3440 9243 555
7 1778 7621 128 4338 6400 2280 800
7 9954 4052 3488 3611 9281 1212 1491
6 4011 8000 86 6465 1300 1122
8 364 3861 121 9673 3626 2117 1152 1675
11 1855 10 2331 5435 3035 5973 1928 8260 4484 5501 1224
33 3055 5161 7810 7320 2106 3334 8868 4938 4245 4749 3816 6805 6243 7457 6352 1967 8857 4073 279 3447 946 814 5412 4774 3703 7054 4364 2764 8501 7979 404 848 970
6 1874 9740 7899 8019 527 772
23 6745 6647 1459 8595 5630 5221 9659 8247 809 4899 3525 2485 6229 9124 7423 7051 7918 4641 5867 2529 8740 596 1311
3 9483 240 1650
6 5332 2177 6152 4129 516 1483
30 4058 8564 1860 8715 4624 4720 9105 2999 645 5503 6279 7010 6426 5074 5622 3847 7999 3689 264 784 441 5024 1517 4978 9726 4308 7766 9677 1017 1610
4 8306 6665 7182 647
11 499 5919 9509 8845 5401 562 6766 5294 4599 4392 355
7 4411 3705 6994 7303 4145 465 987
9 6544 6285 3322 4864 9123 8226 4042 638 589
14 1973 384 4810 7659 2487 581 1185 5493 8663 1495 329 6295 6676 487
7 6879 835 100 994 7649 665 898
25 1040 7064 5387 8104 4112 4080 2132 210 7239 4802 9379 2057 1283 8165 3137 2405 5761 1073 7175 5703 2617 2251 4069 2049 287
3 873 3207 1255
35 7929 741 4882 3410 5227 7398 7704 7082 2293 1121 212 5711 5815 4119 8413 8820 7796 4608 5384 1094 7904 4513 153 87 2392 9893 5618 8948 2847 8636 1341 2450 660 963 1488
32 1269 5721 933 2825 9557 9068 7811 5452 9238 387 536 5262 8523 9023 5559 8738 6443 3832 3684 6564 4142 1708 630 6545 6211 8305 8311 9531 4425 5512 9573 843
12 7355 7655 9525 9010 3349 6691 3500 6074 1207 245 602 1498
11 368 4949 56 2610 5395 9168 3928 4160 224 358 940
8 2212 8994 101 6461 4350 1043 544 1188
6 9925 1022 133 8654 1134 1167
29 4435 8587 8158 8892 6536 4657 6000 4291 7479 9364 5012 4256 8263 2125 1416 2309 5167 2364 1056 1858 5772 8929 7476 6193 6087 2691 3713 8921 1386
6 3936 2669 139 3080 256 1295
5 5903 6 9532 8138 553
13 2053 4023 2911 6444 6889 1594 2689 1983 8880 3665 2794 2408 289
7 3381 1998 79 9555 3664 7783 223
3 8192 3870 1371
31 9563 7318 8024 9851 493 8040 4228 378 3232 9836 369 2612 3075 7222 5862 7635 1368 2500 8513 3296 6725 5671 2097 195 5454 5233 910 4886 3402 514 921
5 7347 923 7641 2627 1250
8 7346 8047 7391 4931 2019 9304 715 1681
5 4467 5985 5334 1805 752
6 7444 4604 107 3063 8022 1620
11 1208 9049 8913 6606 9773 6401 1663 5647 2271 3289 947
13 3291 8599 5997 4745 5531 1149 9967 4541 9129 8083 6603 6870 1683
7 9252 3367 70 4041 8279 3825 356
24 9864 39 1942 374 2315 1590 8027 9496 4382 1679 5482 4727 3187 446 7480 2223 3558 5842 9461 7869 7304 3586 475 1647
6 9287 20 2010 4719 236 1161
6 7779 641 722 9887 735 1513
9 8563 63 6177 4568 2238 4649 7824 534 1276
36 8292 3281 9020 6780 7020 7224 825 7870 5875 656 5433 9065 4123 7737 3974 1297 9837 6312 8590 9299 450 9268 4710 1957 4262 4005 9648 8082 7436 5735 5682 170 3781 2208 716 1607
8 3760 5813 8683 5362 5758 6919 7696 886
9 3362 8422 9398 2310 1258 5110 8847 7404 470
38 1273 1888 4601 769 4377 1512 8449 9274 2455 4349 4794 8346 7277 7690 4593 3439 4930 6359 8843 320 350 1827 3178 4881 4004 9181 2953 2995 5316 8389 4554 5591 1366 4909 5046 3264 639 1455
37 4078 3444 5769 9291 6502 5808 739 2426 1588 150 4482 4493 6251 967 3790 2966 816 6820 202 3597 1666 2350 6937 7822 4692 8409 5364 5051 7964 9399 9749 3214 2964 9719 4445 347 1591
31 6381 4059 5300 2589 8699 8979 3461 9469 409 8464 7174 7494 8110 2240 2192 6737 8126 2359 6382 1775 4809 9271 7100 4447 2133 5936 2940 4049 6051 3985 1351
14 1159 7 2725 750 2836 9063 7836 1277 7539 6073 2307 8925 7681 191
6 9251 2709 93 7460 1247 717
37 4758 29 5885 6900 6656 1406 8323 5890 2690 9685 5282 164 8085 1913 5241 3609 9972 6727 1271 7043 1561 4651 9607 6431 1011 7615 9812 9961 1806 6614 5889 9067 3644 3033 2845 2554 425
5 7206 142 1019 1125 1348
15 5441 8345 6769 7736 5264 8765 7617 3745 3180 9061 9374 237 1072 1489 1690
7 8303 2007 3185 1510 9690 3589 969
27 5245 8073 3833 5917 7663 380 990 9284 7267 7630 2596 7189 6131 9448 4175 6371 6525 1354 3310 1576 2457 9351 7950 3987 8232 7185 675
8 1339 25 4077 8451 3741 3931 9326 1330
20 1194 5377 950 984 1676 408 3767 8160 2582 1322 2795 8230 6349 6158 8908 3043 1881 1547 551 1541
9 3614 5742 8606 7533 8874 4186 678 821 1328
37 474 610 7188 6189 4208 1984 7357 6164 1869 1240 4673 4376 9628 982 2036 1352 4404 8860 3082 2290 7296 897 3145 7940 1945 1119 5492 5912 5328 9301 3898 1347 6795 5266 2224 599 1504
9 9349 1284 64 5728 3613 7969 5286 344 1581
8 6527 46 1514 5817 8333 1304 9916 473
28 8950 1447 5237 6952 6200 2382 7628 6182 5453 9657 3194 3624 8272 5123 2630 3625 243 3503 3526 6995 4612 2353 1935 4310 5977 5439 2100 179
8 6517 90 1722 4296 4277 349 1012 1302
9 4471 48 2421 3945 2321 8744 8163 335 1169
7 4717 5573 8770 566 1343 365 1639
5 6190 3559 797 7115 173
38 7657 4090 7640 3667 7114 4414 3029 3092 1223 5816 6413 2982 633 2539 2128 4347 6313 3476 9388 6223 7857 2443 3973 6225 9748 3427 3059 4928 7241 3274 7038 2334 6867 8532 4865 7441 1179 1656
32 6541 9820 3579 1090 8548 4661 6125 1186 6523 6272 9381 5782 5375 1981 4204 4443 8974 6142 242 6604 3511 45 2666 281 2650 1703 4054 3448 5776 8054 765 1471
33 1867 6961 4066 7186 8736 4537 6168 9627 8157 9815 2916 3921 376 2731 8681 2115 120 4491 2048 2935 4892 2851 7280 609 748 5773 4231 6958 7590 6632 4683 3380 889
6 9377 4476 9716 2818 276 1069
7 1376 9601 1572 148 1088 8106 753
5 3560 135 2755 449 1253
37 8102 8557 8209 5744 5710 9385 1908 417 3840 1863 4615 4503 6832 9611 6764 3782 353 2796 6772 9298 547 543 4076 1790 5518 5190 4972 932 4118 1795 6057 3688 5790 8222 746 792 1058
27 2944 3430 326 3199 3220 1365 8768 7665 3181 6562 3534 3754 5117 9821 6880 8469 7623 9312 5762 2096 2372 4540 3224 5230 5499 5125 687
6 7464 6834 144 1136 2813 1268
30 3693 9402 7471 9246 965 428 1518 4658 8995 4639 531 5660 1643 5610 7488 4550 2478 1286 5639 5186 3552 312 664 3819 5224 7154 3571 3204 357 712
12 1381 389 1129 8084 1661 4210 8123 7311 2441 8499 1336 863
22 4352 5679 8895 2959 8576 8476 4419 7771 7634 1076 8999 1680 2820 4556 8541 7527 4951 8002 8980 971 890 1520
36 5018 7429 7499 606 6916 1993 5615 2838 6004 9806 4225 780 6293 8245 2330 1203 3428 7883 8177 2139 8140 4322 6432 4218 4148 6226 3407 3942 756 8275 6339 3484 6675 8211 552 1075
20 1002 3751 6363 11 2513 3946 7627 6736 1854 3516 9006 5521 4378 4680 5753 5637 7375 2225 1278 1509
8 1000 60 3140 9781 5376 9568 480 352
8 492 12 8538 7733 9172 781 1145 1534
34 6822 423 4008 5235 4098 5218 9052 9768 6068 4200 4507 7097 5674 4141 2556 1997 819 9826 8014 6283 8416 278 7260 2052 6249 8004 6099 593 2564 4079 1327 7410 5571 844
6 5071 96 5894 8480 8169 185
11 2758 8 8423 9669 3716 9215 1001 749 5606 286 1499
33 1992 8179 7864 9996 8203 2657 8574 7574 6265 9382 9179 6399 629 2180 6672 9159 8988 1875 9948 4173 4468 8215 2549 6846 9257 1847 7751 8405 3872 1261 2312 2200 833
32 5717 5402 2233 2436 4959 3368 8448 6645 3468 1873 1256 4409 6094 6904 6038 6728 2506 3359 2615 288 5609 8714 2902 4691 7032 5202 7138 4755 8612 7036 1196 1466
34 7119 7293 1784 1372 6752 8978 4630 4107 8653 9712 9392 8909 4089 254 9872 7315 9964 9571 1668 4621 1446 3917 201 6083 6841 9091 9057 1397 4769 9507 7789 4614 955 822
34 3371 7229 6139 1024 3865 3403 6307 5955 4575 7579 6966 9761 3993 5809 698 3292 7145 6447 4675 3085 2011 5053 6894 9535 5930 6489 2987 4165 9898 3792 3880 9637 261 1667
8 2887 57 6354 4723 653 7215 4726 870
7 4941 38 6022 702 3591 4241 1220
37 4309 9325 7965 2432 4475 4428 4546 3160 892 2963 1030 3068 6245 3453 9118 8037 8951 3205 6041 2842 9474 9593 6262 6297 3553 116 4548 8031 8299 4983 7359 1377 421 5978 8877 545 876
33 7952 6044 2603 3826 3384 8629 4910 8207 6634 4940 1324 7912 5701 4344 8851 9440 8116 1393 8334 3536 5687 1538 8778 6267 6773 6302 9290 9656 9522 3771 304 6342 1222
9 5226 22 3505 2070 3041 980 6417 4243 1391
9 7581 99 3671 2853 5434 7481 166 668 1467
28 4214 6654 3575 2357 5500 8224 1655 6503 9289 6173 4828 5608 4426 1747 7757 5072 3387 3081 7703 1426 8411 4859 6976 7437 9396 9577 6185 949
31 6466 9409 3988 2912 3655 6558 1697 9109 8173 7732 7282 7595 2568 15 3722 2805 285 7521 6938 6869 7121 1285 1691 9552 7524 6464 8280 8535 939 1312 1457
28 7561 5971 2738 3148 5034 2975 1564 2896 2470 7686 4636 4532 8097 1071 4856 4985 5705 798 3911 5918 8704 294 7228 8838 321 8414 728 1233
6 2528 85 5714 4592 405 1536
12 4520 6600 7218 9501 7722 7343 7968 9977 6148 292 697 986
4 7433 138 3950 291
11 4070 9750 912 6631 6534 1086 868 4341 7820 6221 985
10 8968 4465 6306 8141 259 1636 7374 1732 5370 1307
7 6686 104 504 3899 3286 331 1068
36 5868 6456 394 9166 4583 627 3849 3510 6475 2440 9464 1587 9457 3940 509 4224 8058 6146 4135 9867 7510 6281 9856 5461 4577 1404 3070 5148 5644 5162 8008 7289 2185 406 530 1257
6 5371 5281 8490 7825 244 1028
26 2247 9901 9935 5359 5295 9735 1508 1422 2680 5959 4213 2645 458 8366 7741 6124 5793 359 8356 5098 7395 9058 6933 495 1705 203
8 7284 7432 110 7725 5854 6533 570 1493
37 5693 9187 1384 400 9965 248 439 95 9680 989 1685 640 9731 118 2415 7498 7562 7081 595 1715 8961 8807 1736 6154 5789 5961 9891 2136 9885 7708 9940 3712 6507 8558 3934 478 1160
5 2288 9451 8319 6096 1081
8 1067 8397 1191 1120 9201 4018 300 1582
14 4048 4523 262 8829 8201 2579 2342 3630 2830 5423 5661 8424 1472 628
9 1319 3272 6914 2819 3971 3857 5723 537 1369
5 7613 807 2134 3069 564
11 9763 7835 8875 5349 7538 6032 8080 3158 8870 8910 895
31 3030 1838 5027 699 9191 442 5732 5662 5724 7477 1660 8617 6009 6910 7529 9911 4582 5107 2003 2676 6945 33 420 3125 9467 8626 6212 3863 7183 8850 1155
35 187 3156 9003 7141 9305 3333 7287 6658 6747 1100 6410 7000 8940 9199 7636 1859 9177 377 5008 3221 5116 7626 4234 2834 7815 7854 3015 5489 2326 8363 4900 5953 6944 771 1187
37 5970 672 8175 5445 1353 8271 3651 5654 5369 1267 448 3830 146 9819 2250 2033 767 2760 4768 916 5104 77 8473 6184 3897 6014 1156 7290 648 5949 1602 2926 7011 2252 4803 619 1361
12 9044 8982 9764 7723 9591 7566 707 1425 186 1158 1370 1669
6 8824 71 9834 2521 479 732
4 2346 3111 4929 837
32 2695 2507 3294 5358 271 481 3426 3191 8856 6903 4403 1745 9858 7103 9832 342 6680 2160 9026 1320 6129 3515 7295 9653 7484 2145 1174 4057 207 3153 5629 679
34 3629 6815 9581 3697 4387 9544 2642 7557 6984 7337 9138 8038 2174 8218 8108 3052 5303 2406 3237 5993 5677 6315 7388 4178 7744 2182 336 845 9499 5926 9876 3110 8717 402
4 978 151 373 1317
32 6670 2986 5304 2313 3546 7889 1734 3601 2782 1986 9654 2140 4024 7682 5279 9478 3211 9240 7014 3959 8904 776 9966 5155 362 2488 4500 5159 2267 9721 7093 1057
35 5324 2135 1833 24 9090 7319 332 9586 4705 7386 3802 7209 230 9054 5564 2248 5715 2613 9734 3150 7352 5326 5898 9760 4647 5685 911 1585 3730 1195 9776 8884 953 238 1567
2 7632 156
32 6412 8728 4984 4885 6457 8447 5920 3022 4297 2518 4990 3740 1325 40 5372 330 194 5100 2308 6072 7765 8839 914 6673 8666 7673 6481 7758 4013 7881 711 1338
33 622 6529 6849 5856 2511 4421 6942 935 7193 5409 4872 9822 3970 1598 8494 8800 4397 2740 1029 9941 5589 6687 2229 1616 1953 6343 5820 1479 6717 418 4158 8942 196
41 7070 84 157 4742 2020 219 7140 1605 2641 2748 9306 4255 3717 6021 6012 9100 6537 3759 1700 1523 3952 7187 9361 1461 7727 3392 9375 1298 8354 4333 351 8441 4968 3954 163 6595 2227 6981 7855 370 760
6 6753 130 8429 2188 436 1470
8 5562 2620 53 3250 3126 2922 2840 991
12 1146 1706 3996 7059 6217 926 7568 327 7001 5944 2508 1004
38 1757 3855 8406 541 2166 6924 842 3024 9282 9890 9804 6601 7364 494 2979 659 9482 8864 7513 7879 3473 5635 1947 6531 9788 2811 7718 4672 4620 8818 4295 4911 295 3287 5399 192 1032 1445
8 4646 1452 2683 3413 2376 4140 618 1163
36 9084 9670 3990 513 4848 318 1977 5112 6261 1474 4398 2377 8028 9160 4701 7276 3351 8129 2093 6707 2340 2817 6637 2792 5634 1080 9660 7310 8613 1829 4962 2294 966 398 159 718
8 3193 4417 125 729 7349 2363 9472 1349
7 2939 28 5404 9827 5312 338 1603
28 2061 5424 7799 7198 6239 6473 3114 3325 7816 4274 2527 1752 2498 5031 6540 8344 654 5561 7992 1549 7841 1400 1905 9668 5607 4716 197 996
34 568 7709 4693 1593 9691 2957 3603 977 3615 9492 3778 9070 5070 3905 1985 8018 6926 3867 3999 319 9001 8656 6509 7945 3018 8528 1262 6445 770 8078 6330 9915 6153 1099
30 1978 1492 315 2711 5540 5516 1777 6886 9209 643 2407 6346 9038 4561 9136 7106 9541 3256 4025 3186 7022 5916 2481 8934 4542 431 1887 4861 6111 1632
10 5553 9999 2806 6993 3347 7559 6492 9850 280 1316
3 7684 5254 1340
13 872 3246 706 5010 7878 4236 3417 1259 5900 3884 3886 3871 360
29 3442 580 567 9452 2335 1010 4807 8348 7534 4415 5062 7466 2670 4567 7871 5353 5101 8516 9849 2646 7408 2491 5893 8959 6300 9404 4040 853 1589
7 4469 34 8648 4779 5474 1009 607
11 4006 1713 7291 9040 8364 5198 763 5542 4292 1972 582
38 2519 6689 3555 920 2920 3103 6361 1227 658 8020 2915 206 482 4826 6425 7668 6526 8609 5952 2059 4559 9880 8115 7419 8199 7745 5707 1216 3265 9454 5494 4728 8677 1454 954 560 838 1449
13 1023 9372 5597 471 5151 2855 4700 1095 9484 5988 3914 976 1241
33 6663 1305 3869 6160 9733 7993 4084 2112 6141 66 3669 4147 4652 5770 1264 161 1882 7817 3701 6589 2381 9704 8032 3179 9206 2165 7242 6482 1573 9970 5149 413 1485
35 303 7040 4346 6783 677 6662 2123 5954 284 4029 3818 9429 7492 115 1521 5366 7924 7077 5219 7842 9447 3660 2894 4603 7199 426 4751 3504 171 2822 4242 6093 8178 9390 877
28 6913 4648 6951 2783 6340 1835 871 2702 2543 7754 52 5238 7062 7006 5097 8946 8886 5084 3277 1379 2886 8216 5676 8337 5111 1574 705 1387
37 2465 1097 2571 5341 7463 3564 2296 3197 2512 7428 4196 47 6360 2967 3680 4205 1245 1601 8434 1016 5864 4096 8030 9185 542 8387 7340 6114 7892 1877 54 2998 6470 8120 2276 7795 440
5 9186 3252 1642 6127 1077
8 1529 4321 62 1172 7814 7393 7058 1124
31 6724 4056 7435 2942 8435 7768 3176 8133 8747 3083 3054 5124 7778 4937 5317 3635 5986 6264 6006 3344 1895 9098 7688 6214 1462 7052 2389 1139 1929 1270 1556
4 3341 7713 824 1596
10 4528 4181 6999 4961 6434 9747 7977 5415 3021 829
10 1555 9 1820 2878 1540 9387 5666 6715 7489 1008
5 8596 75 805 1569 915
32 375 8420 9698 8149 7180 8425 8426 9744 9613 4704 4782 5457 1048 3666 691 1193 808 4012 7520 3432 5164 8065 861 9051 8460 6176 2750 2608 8519 3042 6419 905
8 7909 251 5467 2226 3797 2544 2210 346
30 9847 9283 6633 8302 945 3424 6206 1218 601 511 6023 5344 3694 8819 8903 6137 7672 5950 2144 8117 4763 4303 2298 9650 5760 2839 5265 3780 683 1432
33 6198 5716 2774 19 5491 4223 5466 5089 730 9631 9575 6076 1721 8273 7729 8326 129 8228 2808 2438 6588 7096 6683 2466 8107 6616 2629 2786 274 7983 5232 3275 456
31 4379 2278 696 9852 6155 8784 5626 1102 7535 6716 1725 5064 9230 6868 7153 6174 4097 6077 9528 4952 1337 6542 7739 4418 794 4741 7593 9956 5065 896 1098
8 23 8139 257 3134 5331 9906 903 1613
3 8253 1562 155
9 9824 13 108 2032 9811 299 5244 740 1104
30 4494 2429 8489 4511 6455 8786 8536 6563 313 7994 4441 5045 5135 880 2710 5763 6847 9594 5336 3102 8651 1280 8365 9465 9427 1395 4401 7487 9782 354
10 7122 5141 7863 466 5443 7943 4354 1082 453 1566
36 8731 273 7861 8559 113 3005 7512 3572 277 720 7867 7380 5352 4862 8529 3258 9064 3058 4331 4470 6161 1435 2433 1239 7047 4438 1374 8006 8221 8923 3431 1848 4531 5407 296 777
3 1844 5646 1494
9 1626 5272 5118 7181 9025 2277 6405 5857 744
29 6901 3149 1528 1724 6404 8848 1142 9487 497 4953 5214 9947 141 5764 5169 6622 3796 600 1763 2524 5768 2002 6501 3376 755 9220 4281 3723 778
36 1138 6706 5406 3239 8787 3640 1625 2401 839 7662 5437 8500 9438 4939 2534 4871 8545 2903 2373 1885 6775 5786 3497 1440 1704 3978 9323 9875 5718 9146 9145 6693 2772 2114 501 1078
16 1246 9732 2567 9358 5109 7851 4530 1064 6959 4479 2493 3026 5784 6390 193 887
31 9619 519 585 7711 4260 2928 3354 498 5156 5511 3116 2209 3370 7679 2977 538 5391 9384 4191 1107 2918 3981 205 1036 7302 6323 7057 6242 6113 4091 709
39 4071 1664 3743 477 7553 9087 3976 9559 5541 2537 1272 856 5892 6089 3949 4884 7034 7080 9324 4340 434 2793 8525 7856 4748 7157 4640 6528 1083 4925 7069 5508 1202 5225 8543 621 956 1123 1409
29 8204 1323 7104 3773 565 6220 3885 3542 6357 782 9564 2653 1768 6319 6495 4430 3154 556 8335 8202 8971 973 2993 3700 6005 9909 3422 3097 8789
7 9346 1427 3887 6246 8775 586 1516
40 3607 2356 8518 9707 3168 8630 9347 5990 328 6741 2198 533 8198 2754 8035 7448 5465 4924 2126 2557 6692 67 851 8927 7675 9480 5755 7402 2701 9854 333 6621 4600 6576 9350 7350 6723 7938 385 834
11 2866 486 7170 5960 4753 4116 2490 795 5543 689 1171
31 8520 3249 2026 9556 8440 5347 7787 3462 7211 4709 2663 799 4114 4498 4477 5083 6423 5268 6301 9331 6759 8907 5805 5834 652 9059 2943 3087 1633 6170 893
11 4588 1442 4427 111 5964 6991 7235 7459 7565 575 1481
9 7025 37 637 143 5551 4563 9931 4271 411
8 2412 9048 6514 1599 635 3522 4883 742
31 3167 2008 6767 7687 2536 3951 8774 2495 3073 9071 3490 2171 4249 9644 7368 6974 9624 8010 9479 8172 8068 2050 4998 8669 6035 3848 5144 9203 7219 253 1049
12 9249 229 9147 4996 3094 3456 9616 8802 3858 8638 8939 588
12 8719 4361 4678 8369 1894 432 4197 2103 1865 452 309 1141
12 9868 27 3787 8508 983 6448 7042 9635 6288 623 462 1608
29 8477 6695 6263 6649 6843 817 3208 5487 3067 9255 1955 6567 9751 1346 4744 2291 9687 8935 4372 2753 2054 5785 6860 1821 6207 438 7601 386 1392
6 773 106 9309 3313 371 1673
9 2751 1018 109 2410 1658 9545 5592 225 1031
7 8730 124 6487 9932 1653 1558 1544
11 4838 1670 2269 6520 9883 7416 9765 3084 5150 9176 724
3 4557 496 1197
7 8727 114 6294 759 3032 827 1189
2 820 941
10 9019 9519 8251 1726 8879 8718 8594 8897 577 1383
9 180 44 7667 5623 392 1084 5030 930 1033
17 233 9489 9231 8753 5410 5787 5002 6781 1287 3132 430 4790 6750 5037 4185 681 1490
37 1515 372 222 9888 6418 6485 9406 3104 4815 5748 507 7692 1565 2075 6850 5211 3524 5420 7363 4915 6478 7012 94 7306 9356 165 3600 8810 4230 7906 9250 5390 6613 9417 642 1266 1687
31 734 1228 8376 3891 3989 2566 8588 7226 6575 9135 6247 3685 6932 3811 515 7599 1622 9490 2553 6256 6049 4239 5840 6792 7095 8468 1923 5538 8131 692 1419
8 7678 119 5438 1851 632 182 5841 1162
17 3729 7483 3404 8729 2283 1092 7426 6314 4261 5127 3641 2815 3679 3922 5798 239 1219
8 6515 4337 869 7017 7089 3284 232 1047
10 4301 9600 2747 5825 3838 7586 4908 6494 858 1398
36 4150 4143 8310 9799 7455 4781 2006 2143 9845 5120 9345 9182 4396 4028 3433 1480 1282 9604 9908 8481 9939 8471 723 8162 9170 1021 7454 4735 9443 4731 4315 8463 4305 2618 7049 1232
11 2430 16 3184 5788 8724 6112 913 8308 8301 396 604
30 1005 489 8458 1689 209 5621 1634 6498 1537 6703 9833 524 5208 6389 1525 5088 7872 1548 929 727 367 2148 1764 7954 5937 8503 9013 7168 215 1299
12 7453 8975 6935 4122 8561 301 2697 1359 5029 270 483 1501
21 1206 8815 5603 1702 2923 7720 5139 3820 5490 2204 7328 1360 7606 8685 1801 4506 9614 9993 4268 5055 1079
36 9675 2941 3257 5517 6192 6493 2973 6711 7666 6356 9353 5287 8079 8998 2969 6566 2766 9508 3765 3235 4299 3980 214 2004 7997 7930 3350 7305 2628 9791 2868 2880 5599 4047 6997 447
36 2917 3471 2828 1609 8021 9666 8832 3017 3050 2497 9738 7792 2442 5838 3393 883 4773 3570 1746 5428 7642 1116 2712 7699 6578 3206 1542 4747 49 859 3702 962 7307 6458 5672 1688
27 6228 6794 6877 9267 2780 5712 4405 6133 7555 9639 9229 928 9110 1786 815 3242 1618 6555 5633 9373 836 6291 5485 246 6191 6260 574
13 6591 3312 8598 8457 6948 6011 6761 8716 302 3656 343 1646 860
26 7379 1949 3565 1693 4099 5495 7316 8505 9810 6102 5692 9456 558 2858 5229 3595 2091 3762 5524 7358 1226 5476 1950 6890 366 804
16 7075 3926 2416 2744 4298 8092 8358 5811 2289 6136 2704 6257 8797 7111 414 1511
10 5968 41 8751 9794 2258 390 4108 5275 922 1692
28 2883 297 9626 3540 9503 6450 7372 4973 2031 2167 9232 2178 4989 6898 1448 614 894 9663 6325 9713 8732 6108 322 8349 9211 2609 5063 904
9 3225 6499 6015 831 9391 5293 5665 381 1180
10 7061 31 8452 7105 3965 5446 6770 5504 862 1614
9 4138 4811 7540 3238 4606 6351 5273 3569 1621
12 3230 3809 2721 8276 5138 5545 6505 2492 9488 8044 8700 1355
5 9723 76 1701 4157 931
3 4793 597 1198
9 7809 2593 4220 7676 790 4545 6364 615 1184
36 3549 9393 9976 3457 9046 7230 3329 1674 2520 6202 199 1550 2686 6034 4064 5678 6380 1168 7971 3227 6581 2715 3379 9244 6253 4201 8399 3890 9986 7268 7024 4977 590 3279 6490 314
13 7147 4492 2517 460 3151 255 7951 3020 8113 4399 6439 786 1444
25 8290 2147 9104 8915 5054 992 1175 3345 1846 1281 9273 5909 4898 974 5166 1229 7050 2191 6365 265 587 1809 2897 429 1025
29 6607 8459 8370 8410 7934 2464 4250 2781 3493 7150 3986 5094 5801 8755 3599 1130 1413 2494 7895 1659 5555 5544 1878 9714 8327 5077 307 3378 686
28 268 5858 2230 3317 7446 3566 8682 3789 8806 3839 2652 7794 8316 3121 3079 7288 249 1533 7292 3822 6768 5550 4551 5683 8726 9829 6467 1215
7 8788 5296 4320 2055 3458 399 1045
30 7891 7373 4233 6454 5650 6580 1686 7387 8194 3215 9190 4957 9242 5878 7094 8153 3339 1468 7511 2302 8633 1698 8267 8589 4759 4273 8238 1055 4538 1557
13 8605 1478 1085 4473 4671 4339 2255 6853 263 2659 7008 4750 1051
21 2717 8373 9436 2284 5778 2595 7583 7624 7201 7584 651 4367 9339 1144 1645 6433 4725 5398 9430 676 1672
9 7773 14 7978 9024 9198 4474 4918 8217 1279
14 310 9258 4373 9431 5035 8443 6535 1074 5797 1718 8947 8046 260 1112
34 7088 1651 1363 5699 1221 1797 3583 5539 8938 6062 6962 9912 30 2722 1396 484 5023 7351 2875 7832 5546 3598 9664 2469 2257 8269 598 6586 8195 3927 9354 3189 5586 1394
7 6463 2502 6559 4650 2625 1951 694
30 3253 1735 4536 5727 3138 5189 3188 3991 7430 8614 8421 5888 2857 708 2156 9513 2561 7788 7651 9739 6075 8885 7338 3844 5745 1772 9831 8152 2509 865
9 2445 8825 1118 1367 737 8887 520 826 1477
30 4839 6277 1543 9514 6694 9405 5743 1852 6756 3739 881 7988 8239 6416 1424 1682 8048 1654 3023 1808 2454 5462 9792 5588 1813 6650 8321 3969 927 1309
32 7956 7475 5902 1414 8792 3557 7152 657 7762 506 1415 189 9784 3846 4730 5851 5625 226 9253 9437 8352 4633 8515 2301 3172 5333 3480 472 1822 1677 4795 363
12 4329 9840 8891 8454 8964 9676 1939 1244 6479 591 993 1248
32 4525 8708 4637 6002 4855 1879 6740 3779 9830 5507 7172 9002 3594 3906 388 5481 7680 7560 9780 2462 3006 1748 1486 8723 4412 9148 5414 488 5688 8057 3618 1062
34 3008 1773 7116 8277 3910 1640 1843 98 3414 4035 92 4913 8780 2393 2898 1292 9270 7503 9547 6446 6891 9725 4817 7728 9580 7240 7450 5157 7831 6477 1931 4783 266 1401
37 7399 9411 5881 1407 1013 1635 4455 608 6765 951 1792 8989 4481 6538 6484 8493 9132 9143 7806 2535 5872 3450 7330 9028 4212 7800 8608 7826 1849 8572 4324 5044 7039 6931 383 7537 761
12 1922 4022 3864 3889 5652 3012 8467 9606 8777 646 960 1420
8 3491 91 7035 2361 8898 9759 200 1469
7 6238 4580 5812 9922 948 464 1164
9 6610 3388 1238 3229 7356 9227 4841 177 812
10 5059 58 3715 4501 522 5855 7976 325 2163 1148
7 7990 8119 1293 758 459 1039 1584
30 9752 6807 5598 8029 5572 7546 9640 2338 3502 2473 1496 6274 1364 8093 8835 5658 684 1789 995 2844 1730 1205 2318 8943 6664 1242 9703 747 8377 1389
11 1785 1131 1623 6046 5505 176 78 6278 2814 1378 884
32 8329 6424 7028 4706 2742 4154 5771 1430 2984 7411 454 5394 4016 8293 6617 1217 6612 1096 8828 2201 1712 5223 7577 1390 6384 925 9918 5631 8036 3386 917 1450
29 957 3245 8055 5698 8902 4207 1500 8187 830 9512 4366 4819 137 594 9754 9919 8340 7947 7669 8282 667 2905 4697 3383 8375 8556 485 695 1532
32 8342 3311 4635 9030 1326 8796 5779 3170 152 1487 6409 4834 7777 1176 3731 907 6619 736 4442 5073 3098 8286 4235 6230 323 2131 7625 3719 998 3528 779 1132
2 1344 1418
6 3709 6348 5130 5873 7252 1417
8 3086 2812 1586 5361 4488 1892 2843 1054
32 9216 1815 8213 8932 2538 7677 4194 4502 168 6255 267 9037 3169 5382 3278 7610 5373 4032 3962 9428 850 4030 8061 5185 4994 6624 9608 1522 1976 204 4203 235
30 6965 726 5049 502 5006 6550 4666 2119 1453 127 6597 379 7125 2084 5258 5176 7378 8475 4380 3285 4416 6594 7244 5047 2329 1318 2604 8684 468 1310
13 7972 7844 3283 2655 8240 2879 9120 4760 8507 616 3545 241 1604
4 5444 2463 5175 167
7 2541 9921 3733 3633 8862 6667 918
24 4836 9897 9497 8339 508 1431 8312 3031 4043 2936 503 673 2849 2066 5935 1153 5570 451 2113 8374 888 2746 228 738
3 1143 2448 334
35 700 8395 6269 1637 5213 6123 1630 9137 5510 457 2881 6186 9681 6512 559 3315 4074 8407 592 5350 7497 7031 1505 5638 517 3248 6010 6539 2961 5536 5874 7485 9117 701 1059
5 4420 8430 9638 4955 882
7 8553 3298 2698 5931 4332 2211 1108
11 1061 5325 2378 8295 6941 2409 7996 5876 3218 8331 846
29 3307 8703 4495 3527 9128 9495 2649 1 8937 3721 9062 7068 7176 8741 275 8958 8721 4936 1744 5736 879 8734 690 7702 6840 5775 2098 617 942
28 713 2869 8086 1438 8739 1524 9633 3066 8791 6985 102 2551 7344 8667 2323 8661 1411 6801 5475 3434 5470 4284 8304 1060 8137 571 8618 1362
7 5513 644 3019 1906 5819 3619 745
29 5343 7210 1530 6669 3512 1111 8445 2216 8259 5260 8662 8687 8743 2978 3977 4997 1342 4626 1919 1126 1225 9294 9599 5896 2890 900 8001 8091 216
4 9418 437 149 444
13 6744 3161 605 9978 1249 2035 5274 1927 4823 1350 899 6350 823
27 9985 854 9180 1729 7643 3117 1979 2234 5036 9658 1236 5099 7137 4573 9076 4757 2726 783 9296 3718 811 1230 1619 9311 2824 500 1151
43 6831 4894 5381 7849 3236 9473 4437 6304 1995 6003 1628 1460 6398 1046 9647 1110 7697 1595 8597 5182 674 1819 8242 3356 9295 9957 866 8900 528 8944 2965 2219 8888 8607 6084 5596 9938 2785 3576 8013 403 682 1373
3 5478 3755 1583
38 9140 2559 2327 4873 3596 6110 9974 1251 7117 2118 9874 2904 3915 9042 4153 832 6615 5374 5298 6333 5664 9225 5080 4335 3004 5257 4991 6145 3683 1128 1408 9308 3543 6019 6964 9334 8350 867
29 9679 117 9523 3025 2324 864 2074 5829 3632 6480 578 7648 3895 6078 624 2546 4971 4963 8679 8762 3492 2637 2908 1938 3048 6934 2597 791 1199
6 1027 6911 9097 9771 649 1423
28 789 7314 6430 3475 9543 6584 8504 9962 8615 9741 6104 2933 6830 6897 8258 9865 620 3109 26 6817 9189 401 5850 9990 573 4729 407 1127
33 2316 2720 2949 583 55 9649 6851 1959 8991 1580 9297 4645 5913 7631 7275 6066 461 3135 412 9665 1331 1358 1554 3297 8893 4570 3000 5416 9277 9860 2724 433 788
7 4818 123 3128 7002 526 463 775
10 9515 36 9775 5363 7828 2623 3107 9329 934 1644
6 3824 2411 8332 4923 3346 1034
35 5192 961 5299 61 3049 6735 9011 7102 6729 5690 6159 7342 9981 3663 6134 6808 5619 9130 2769 3305 7021 9958 8966 7247 1818 8235 5419 959 6250 1837 7742 3850 8196 208 1671
32 8189 902 7927 5425 69 5602 2000 9743 4595 7933 671 3807 6925 9652 4221 5670 9403 1289 7354 6709 8322 5197 1526 6700 5095 3687 1473 1437 4311 5791 793 1294
9 5780 5883 7496 4383 424 7163 1403 337 1657
9 7506 1751 8622 9439 7335 6828 2253 650 1443
19 9579 584 852 4371 6235 5105 21 4569 5828 3056 5078 1575 7603 4192 8641 9971 2773 3698 693
27 6150 5307 6825 2368 1804 1211 8094 8901 4857 2931 2580 3776 1388 6231 2619 7139 5320 5831 1662 4808 5339 1868 1213 3517 1507 757 317
38 8840 1332 7156 6199 2791 2422 8328 5393 3947 1260 2651 5240 9158 3554 5962 6907 6864 6593 3323 7734 2237 5463 2202 8197 1753 1291 7216 9955 6895 1987 5068 3518 5836 4363 7611 231 250 1263
34 4687 3409 2899 4170 4184 8309 9869 6474 849 6927 7086 7785 1436 382 7926 5532 4092 7898 2991 4237 1007 393 3662 2575 5749 2569 9413 4812 1091 4348 5449 7700 841 1200
29 7401 5335 3817 7911 9463 6875 3129 4830 7438 9737 2122 6681 4406 6116 6387 5810 9092 4351 2222 3935 8949 5348 2196 9184 6690 4120 1063 1402 1578
37 1315 88 5860 4307 7877 8698 8783 6884 3396 7255 1755 8795 4875 5830 8761 847 5134 4046 7278 9355 9542 5506 2086 7753 1836 6568 3876 340 6028 7044 2592 7126 4133 9736 169 469 1434
